<?xml version="1.0" encoding="UTF-8"?>
<testng-results skipped="0" failed="0" total="1" passed="1">
  <reporter-output>
  </reporter-output>
  <suite name="Default suite" duration-ms="72659" started-at="2017-02-19T08:50:02Z" finished-at="2017-02-19T08:51:14Z">
    <groups>
    </groups>
    <test name="Default test" duration-ms="72659" started-at="2017-02-19T08:50:02Z" finished-at="2017-02-19T08:51:14Z">
      <class name="com.testng.test.testBaidu">
        <test-method status="PASS" signature="setUp()[pri:0, instance:com.testng.test.testBaidu@f25f89]" name="setUp" is-config="true" duration-ms="2516" started-at="2017-02-19T16:50:02Z" finished-at="2017-02-19T16:50:04Z">
          <reporter-output>
          </reporter-output>
        </test-method> <!-- setUp -->
        <test-method status="PASS" signature="testCase()[pri:0, instance:com.testng.test.testBaidu@f25f89]" name="testCase" duration-ms="69736" started-at="2017-02-19T16:50:04Z" finished-at="2017-02-19T16:51:14Z">
          <reporter-output>
          </reporter-output>
        </test-method> <!-- testCase -->
        <test-method status="PASS" signature="tearDown()[pri:0, instance:com.testng.test.testBaidu@f25f89]" name="tearDown" is-config="true" duration-ms="392" started-at="2017-02-19T16:51:14Z" finished-at="2017-02-19T16:51:14Z">
          <reporter-output>
          </reporter-output>
        </test-method> <!-- tearDown -->
      </class> <!-- com.testng.test.testBaidu -->
    </test> <!-- Default test -->
  </suite> <!-- Default suite -->
</testng-results>
